  MP7part1.cpp
E:\C++\Repos\WCC-CPS271\MP7\MP7part1.cpp(17,10): error C2676: binary '<': 'std::ostream' does not define this operator or a conversion to a type acceptable to the predefined operator
C:\Program Files\Microsoft Visual Studio\2022\Community\VC\Tools\MSVC\14.35.32215\include\utility(389,27): message : could be 'bool std::operator <(const std::pair<_Ty1,_Ty2> &,const std::pair<_Ty1,_Ty2> &)'
E:\C++\Repos\WCC-CPS271\MP7\MP7part1.cpp(17,5): message : 'bool std::operator <(const std::pair<_Ty1,_Ty2> &,const std::pair<_Ty1,_Ty2> &)': could not deduce template argument for 'const std::pair<_Ty1,_Ty2> &' from 'std::ostream'
C:\Program Files\Microsoft Visual Studio\2022\Community\VC\Tools\MSVC\14.35.32215\include\xutility(1471,5): message : or       'bool std::operator <(const std::reverse_iterator<_BidIt> &,const std::reverse_iterator<_BidIt2> &) noexcept(<expr>)'
E:\C++\Repos\WCC-CPS271\MP7\MP7part1.cpp(17,5): message : 'bool std::operator <(const std::reverse_iterator<_BidIt> &,const std::reverse_iterator<_BidIt2> &) noexcept(<expr>)': could not deduce template argument for 'const std::reverse_iterator<_BidIt> &' from 'std::ostream'
C:\Program Files\Microsoft Visual Studio\2022\Community\VC\Tools\MSVC\14.35.32215\include\xutility(3992,5): message : or       'bool std::operator <(const std::move_iterator<_Iter> &,const std::move_iterator<_Iter2> &) noexcept(<expr>)'
E:\C++\Repos\WCC-CPS271\MP7\MP7part1.cpp(17,5): message : 'bool std::operator <(const std::move_iterator<_Iter> &,const std::move_iterator<_Iter2> &) noexcept(<expr>)': could not deduce template argument for 'const std::move_iterator<_Iter> &' from 'std::ostream'
C:\Program Files\Microsoft Visual Studio\2022\Community\VC\Tools\MSVC\14.35.32215\include\xstring(5236,17): message : or       'bool std::operator <(const std::basic_string<_Elem,_Traits,_Alloc> &,const std::basic_string<_Elem,_Traits,_Alloc> &) noexcept'
E:\C++\Repos\WCC-CPS271\MP7\MP7part1.cpp(17,5): message : 'bool std::operator <(const std::basic_string<_Elem,_Traits,_Alloc> &,const std::basic_string<_Elem,_Traits,_Alloc> &) noexcept': could not deduce template argument for 'const std::basic_string<_Elem,_Traits,_Alloc> &' from 'std::ostream'
C:\Program Files\Microsoft Visual Studio\2022\Community\VC\Tools\MSVC\14.35.32215\include\xstring(5242,17): message : or       'bool std::operator <(const _Elem *const ,const std::basic_string<_Elem,_Traits,_Alloc> &)'
E:\C++\Repos\WCC-CPS271\MP7\MP7part1.cpp(17,5): message : 'bool std::operator <(const _Elem *const ,const std::basic_string<_Elem,_Traits,_Alloc> &)': could not deduce template argument for 'const _Elem *const ' from 'std::ostream'
C:\Program Files\Microsoft Visual Studio\2022\Community\VC\Tools\MSVC\14.35.32215\include\xstring(5247,17): message : or       'bool std::operator <(const std::basic_string<_Elem,_Traits,_Alloc> &,const _Elem *const )'
E:\C++\Repos\WCC-CPS271\MP7\MP7part1.cpp(17,5): message : 'bool std::operator <(const std::basic_string<_Elem,_Traits,_Alloc> &,const _Elem *const )': could not deduce template argument for 'const std::basic_string<_Elem,_Traits,_Alloc> &' from 'std::ostream'
C:\Program Files\Microsoft Visual Studio\2022\Community\VC\Tools\MSVC\14.35.32215\include\memory(1787,17): message : or       'bool std::operator <(const std::shared_ptr<_Ty> &,const std::shared_ptr<_Ty0> &) noexcept'
E:\C++\Repos\WCC-CPS271\MP7\MP7part1.cpp(17,5): message : 'bool std::operator <(const std::shared_ptr<_Ty> &,const std::shared_ptr<_Ty0> &) noexcept': could not deduce template argument for 'const std::shared_ptr<_Ty> &' from 'std::ostream'
C:\Program Files\Microsoft Visual Studio\2022\Community\VC\Tools\MSVC\14.35.32215\include\memory(1834,17): message : or       'bool std::operator <(const std::shared_ptr<_Ty> &,std::nullptr_t) noexcept'
E:\C++\Repos\WCC-CPS271\MP7\MP7part1.cpp(17,5): message : 'bool std::operator <(const std::shared_ptr<_Ty> &,std::nullptr_t) noexcept': could not deduce template argument for 'const std::shared_ptr<_Ty> &' from 'std::ostream'
C:\Program Files\Microsoft Visual Studio\2022\Community\VC\Tools\MSVC\14.35.32215\include\memory(1839,17): message : or       'bool std::operator <(std::nullptr_t,const std::shared_ptr<_Ty> &) noexcept'
E:\C++\Repos\WCC-CPS271\MP7\MP7part1.cpp(17,5): message : 'bool std::operator <(std::nullptr_t,const std::shared_ptr<_Ty> &) noexcept': could not deduce template argument for 'const std::shared_ptr<_Ty>' from 'const std::string (void) const'
E:\C++\Repos\WCC-CPS271\MP7\MP7part1.cpp(17,5): message : 'bool std::operator <(std::nullptr_t,const std::shared_ptr<_Ty> &) noexcept': could not deduce template argument for 'const std::shared_ptr<_Ty> &' from 'overloaded-function'
C:\Program Files\Microsoft Visual Studio\2022\Community\VC\Tools\MSVC\14.35.32215\include\memory(3441,17): message : or       'bool std::operator <(const std::unique_ptr<_Ty,_Dx> &,const std::unique_ptr<_Ty2,_Dx2> &)'
E:\C++\Repos\WCC-CPS271\MP7\MP7part1.cpp(17,5): message : 'bool std::operator <(const std::unique_ptr<_Ty,_Dx> &,const std::unique_ptr<_Ty2,_Dx2> &)': could not deduce template argument for 'const std::unique_ptr<_Ty,_Dx> &' from 'std::ostream'
C:\Program Files\Microsoft Visual Studio\2022\Community\VC\Tools\MSVC\14.35.32215\include\memory(3499,30): message : or       'bool std::operator <(const std::unique_ptr<_Ty,_Dx> &,std::nullptr_t)'
E:\C++\Repos\WCC-CPS271\MP7\MP7part1.cpp(17,5): message : 'bool std::operator <(const std::unique_ptr<_Ty,_Dx> &,std::nullptr_t)': could not deduce template argument for 'const std::unique_ptr<_Ty,_Dx> &' from 'std::ostream'
C:\Program Files\Microsoft Visual Studio\2022\Community\VC\Tools\MSVC\14.35.32215\include\memory(3505,30): message : or       'bool std::operator <(std::nullptr_t,const std::unique_ptr<_Ty,_Dx> &)'
E:\C++\Repos\WCC-CPS271\MP7\MP7part1.cpp(17,5): message : 'bool std::operator <(std::nullptr_t,const std::unique_ptr<_Ty,_Dx> &)': could not deduce template argument for 'const std::unique_ptr<_Ty,_Dx>' from 'const std::string (void) const'
E:\C++\Repos\WCC-CPS271\MP7\MP7part1.cpp(17,5): message : 'bool std::operator <(std::nullptr_t,const std::unique_ptr<_Ty,_Dx> &)': could not deduce template argument for 'const std::unique_ptr<_Ty,_Dx> &' from 'overloaded-function'
